<html>
<head>
<title>TestNG:  Test1</title>
<link href="../testng.css" rel="stylesheet" type="text/css" />
<link href="../my-testng.css" rel="stylesheet" type="text/css" />

<style type="text/css">
.log { display: none;} 
.stack-trace { display: none;} 
</style>
<script type="text/javascript">
<!--
function flip(e) {
  current = e.style.display;
  if (current == 'block') {
    e.style.display = 'none';
    return 0;
  }
  else {
    e.style.display = 'block';
    return 1;
  }
}

function toggleBox(szDivId, elem, msg1, msg2)
{
  var res = -1;  if (document.getElementById) {
    res = flip(document.getElementById(szDivId));
  }
  else if (document.all) {
    // this is the way old msie versions work
    res = flip(document.all[szDivId]);
  }
  if(elem) {
    if(res == 0) elem.innerHTML = msg1; else elem.innerHTML = msg2;
  }

}

function toggleAllBoxes() {
  if (document.getElementsByTagName) {
    d = document.getElementsByTagName('div');
    for (i = 0; i < d.length; i++) {
      if (d[i].className == 'log') {
        flip(d[i]);
      }
    }
  }
}

// -->
</script>

</head>
<body>
<h2 align='center'>Test1</h2><table border='1' align="center">
<tr>
<td>Tests passed/Failed/Skipped:</td><td>11/4/0</td>
</tr><tr>
<td>Started on:</td><td>Wed Mar 27 18:12:45 IST 2019</td>
</tr>
<tr><td>Total time:</td><td>140 seconds (140825 ms)</td>
</tr><tr>
<td>Included groups:</td><td>flowtest </td>
</tr><tr>
<td>Excluded groups:</td><td></td>
</tr>
</table><p/>
<small><i>(Hover the method name to see the test class name)</i></small><p/>
<table width='100%' border='1' class='invocation-failed'>
<tr><td colspan='4' align='center'><b>FAILED TESTS</b></td></tr>
<tr><td><b>Test method</b></td>
<td width="30%"><b>Exception</b></td>
<td width="10%"><b>Time (seconds)</b></td>
<td><b>Instance</b></td>
</tr>
<tr>
<td title='Suntec.xbmcsanitytest.Maintest.check_able_to_search_Sessions_using_Sessionstatus()'><b>check_able_to_search_Sessions_using_Sessionstatus</b><br>Test class: Suntec.xbmcsanitytest.Maintest</td>
<td><div><pre>java.lang.AssertionError: Check whether user is able to search the Sessions using the Session Status.
	at Suntec.xbmcsanitytest.Maintest.check_able_to_search_Sessions_using_Sessionstatus(Maintest.java:637)
... Removed 26 stack frames</pre></div><a href='#' onClick='toggleBox("stack-trace727666004", this, "Click to show all stack frames", "Click to hide stack frames")'>Click to show all stack frames</a>
<div class='stack-trace' id='stack-trace727666004'><pre>java.lang.AssertionError: Check whether user is able to search the Sessions using the Session Status.
	at org.testng.Assert.fail(Assert.java:96)
	at Suntec.xbmcsanitytest.Maintest.check_able_to_search_Sessions_using_Sessionstatus(Maintest.java:637)
	at sun.reflect.NativeMethodAccessorImpl.invoke0(Native Method)
	at sun.reflect.NativeMethodAccessorImpl.invoke(Unknown Source)
	at sun.reflect.DelegatingMethodAccessorImpl.invoke(Unknown Source)
	at java.lang.reflect.Method.invoke(Unknown Source)
	at org.testng.internal.MethodInvocationHelper.invokeMethod(MethodInvocationHelper.java:124)
	at org.testng.internal.Invoker.invokeMethod(Invoker.java:580)
	at org.testng.internal.Invoker.invokeTestMethod(Invoker.java:716)
	at org.testng.internal.Invoker.invokeTestMethods(Invoker.java:988)
	at org.testng.internal.TestMethodWorker.invokeTestMethods(TestMethodWorker.java:125)
	at org.testng.internal.TestMethodWorker.run(TestMethodWorker.java:109)
	at org.testng.TestRunner.privateRun(TestRunner.java:648)
	at org.testng.TestRunner.run(TestRunner.java:505)
	at org.testng.SuiteRunner.runTest(SuiteRunner.java:455)
	at org.testng.SuiteRunner.runSequentially(SuiteRunner.java:450)
	at org.testng.SuiteRunner.privateRun(SuiteRunner.java:415)
	at org.testng.SuiteRunner.run(SuiteRunner.java:364)
	at org.testng.SuiteRunnerWorker.runSuite(SuiteRunnerWorker.java:52)
	at org.testng.SuiteRunnerWorker.run(SuiteRunnerWorker.java:84)
	at org.testng.TestNG.runSuitesSequentially(TestNG.java:1208)
	at org.testng.TestNG.runSuitesLocally(TestNG.java:1137)
	at org.testng.TestNG.runSuites(TestNG.java:1049)
	at org.testng.TestNG.run(TestNG.java:1017)
	at org.testng.remote.AbstractRemoteTestNG.run(AbstractRemoteTestNG.java:114)
	at org.testng.remote.RemoteTestNG.initAndRun(RemoteTestNG.java:251)
	at org.testng.remote.RemoteTestNG.main(RemoteTestNG.java:77)
</pre></div></td>
<td>12</td>
<td>Suntec.xbmcsanitytest.Maintest@67784306</td></tr>
<tr>
<td title='Suntec.xbmcsanitytest.Maintest.check_able_to_search_sessions_by_Success_eventcount()'><b>check_able_to_search_sessions_by_Success_eventcount</b><br>Test class: Suntec.xbmcsanitytest.Maintest</td>
<td><div><pre>java.lang.AssertionError: Check whether user is able to search the Sessions using the Success event count.
	at Suntec.xbmcsanitytest.Maintest.check_able_to_search_sessions_by_Success_eventcount(Maintest.java:673)
... Removed 26 stack frames</pre></div><a href='#' onClick='toggleBox("stack-trace1057468716", this, "Click to show all stack frames", "Click to hide stack frames")'>Click to show all stack frames</a>
<div class='stack-trace' id='stack-trace1057468716'><pre>java.lang.AssertionError: Check whether user is able to search the Sessions using the Success event count.
	at org.testng.Assert.fail(Assert.java:96)
	at Suntec.xbmcsanitytest.Maintest.check_able_to_search_sessions_by_Success_eventcount(Maintest.java:673)
	at sun.reflect.NativeMethodAccessorImpl.invoke0(Native Method)
	at sun.reflect.NativeMethodAccessorImpl.invoke(Unknown Source)
	at sun.reflect.DelegatingMethodAccessorImpl.invoke(Unknown Source)
	at java.lang.reflect.Method.invoke(Unknown Source)
	at org.testng.internal.MethodInvocationHelper.invokeMethod(MethodInvocationHelper.java:124)
	at org.testng.internal.Invoker.invokeMethod(Invoker.java:580)
	at org.testng.internal.Invoker.invokeTestMethod(Invoker.java:716)
	at org.testng.internal.Invoker.invokeTestMethods(Invoker.java:988)
	at org.testng.internal.TestMethodWorker.invokeTestMethods(TestMethodWorker.java:125)
	at org.testng.internal.TestMethodWorker.run(TestMethodWorker.java:109)
	at org.testng.TestRunner.privateRun(TestRunner.java:648)
	at org.testng.TestRunner.run(TestRunner.java:505)
	at org.testng.SuiteRunner.runTest(SuiteRunner.java:455)
	at org.testng.SuiteRunner.runSequentially(SuiteRunner.java:450)
	at org.testng.SuiteRunner.privateRun(SuiteRunner.java:415)
	at org.testng.SuiteRunner.run(SuiteRunner.java:364)
	at org.testng.SuiteRunnerWorker.runSuite(SuiteRunnerWorker.java:52)
	at org.testng.SuiteRunnerWorker.run(SuiteRunnerWorker.java:84)
	at org.testng.TestNG.runSuitesSequentially(TestNG.java:1208)
	at org.testng.TestNG.runSuitesLocally(TestNG.java:1137)
	at org.testng.TestNG.runSuites(TestNG.java:1049)
	at org.testng.TestNG.run(TestNG.java:1017)
	at org.testng.remote.AbstractRemoteTestNG.run(AbstractRemoteTestNG.java:114)
	at org.testng.remote.RemoteTestNG.initAndRun(RemoteTestNG.java:251)
	at org.testng.remote.RemoteTestNG.main(RemoteTestNG.java:77)
</pre></div></td>
<td>0</td>
<td>Suntec.xbmcsanitytest.Maintest@67784306</td></tr>
<tr>
<td title='Suntec.xbmcsanitytest.Maintest.check_whether_the_status_is_changed_from_Inactive_to_Active()'><b>check_whether_the_status_is_changed_from_Inactive_to_Active</b><br>Test class: Suntec.xbmcsanitytest.Maintest</td>
<td><div><pre>java.lang.AssertionError: check whether the status is changed from Inactive to Active is failed
	at Suntec.xbmcsanitytest.Maintest.check_whether_the_status_is_changed_from_Inactive_to_Active(Maintest.java:480)
... Removed 26 stack frames</pre></div><a href='#' onClick='toggleBox("stack-trace1555990397", this, "Click to show all stack frames", "Click to hide stack frames")'>Click to show all stack frames</a>
<div class='stack-trace' id='stack-trace1555990397'><pre>java.lang.AssertionError: check whether the status is changed from Inactive to Active is failed
	at org.testng.Assert.fail(Assert.java:96)
	at Suntec.xbmcsanitytest.Maintest.check_whether_the_status_is_changed_from_Inactive_to_Active(Maintest.java:480)
	at sun.reflect.NativeMethodAccessorImpl.invoke0(Native Method)
	at sun.reflect.NativeMethodAccessorImpl.invoke(Unknown Source)
	at sun.reflect.DelegatingMethodAccessorImpl.invoke(Unknown Source)
	at java.lang.reflect.Method.invoke(Unknown Source)
	at org.testng.internal.MethodInvocationHelper.invokeMethod(MethodInvocationHelper.java:124)
	at org.testng.internal.Invoker.invokeMethod(Invoker.java:580)
	at org.testng.internal.Invoker.invokeTestMethod(Invoker.java:716)
	at org.testng.internal.Invoker.invokeTestMethods(Invoker.java:988)
	at org.testng.internal.TestMethodWorker.invokeTestMethods(TestMethodWorker.java:125)
	at org.testng.internal.TestMethodWorker.run(TestMethodWorker.java:109)
	at org.testng.TestRunner.privateRun(TestRunner.java:648)
	at org.testng.TestRunner.run(TestRunner.java:505)
	at org.testng.SuiteRunner.runTest(SuiteRunner.java:455)
	at org.testng.SuiteRunner.runSequentially(SuiteRunner.java:450)
	at org.testng.SuiteRunner.privateRun(SuiteRunner.java:415)
	at org.testng.SuiteRunner.run(SuiteRunner.java:364)
	at org.testng.SuiteRunnerWorker.runSuite(SuiteRunnerWorker.java:52)
	at org.testng.SuiteRunnerWorker.run(SuiteRunnerWorker.java:84)
	at org.testng.TestNG.runSuitesSequentially(TestNG.java:1208)
	at org.testng.TestNG.runSuitesLocally(TestNG.java:1137)
	at org.testng.TestNG.runSuites(TestNG.java:1049)
	at org.testng.TestNG.run(TestNG.java:1017)
	at org.testng.remote.AbstractRemoteTestNG.run(AbstractRemoteTestNG.java:114)
	at org.testng.remote.RemoteTestNG.initAndRun(RemoteTestNG.java:251)
	at org.testng.remote.RemoteTestNG.main(RemoteTestNG.java:77)
</pre></div></td>
<td>8</td>
<td>Suntec.xbmcsanitytest.Maintest@67784306</td></tr>
<tr>
<td title='Suntec.xbmcsanitytest.Maintest.check_whether_user_can_start_ActivestateBPflow_by_clicking_Startbutton()'><b>check_whether_user_can_start_ActivestateBPflow_by_clicking_Startbutton</b><br>Test class: Suntec.xbmcsanitytest.Maintest</td>
<td><div><pre>java.lang.AssertionError: check_whether_user_can_start_ActivestateBPflow_by_clicking_Startbutton
	at Suntec.xbmcsanitytest.Maintest.check_whether_user_can_start_ActivestateBPflow_by_clicking_Startbutton(Maintest.java:494)
... Removed 26 stack frames</pre></div><a href='#' onClick='toggleBox("stack-trace1865219266", this, "Click to show all stack frames", "Click to hide stack frames")'>Click to show all stack frames</a>
<div class='stack-trace' id='stack-trace1865219266'><pre>java.lang.AssertionError: check_whether_user_can_start_ActivestateBPflow_by_clicking_Startbutton
	at org.testng.Assert.fail(Assert.java:96)
	at Suntec.xbmcsanitytest.Maintest.check_whether_user_can_start_ActivestateBPflow_by_clicking_Startbutton(Maintest.java:494)
	at sun.reflect.NativeMethodAccessorImpl.invoke0(Native Method)
	at sun.reflect.NativeMethodAccessorImpl.invoke(Unknown Source)
	at sun.reflect.DelegatingMethodAccessorImpl.invoke(Unknown Source)
	at java.lang.reflect.Method.invoke(Unknown Source)
	at org.testng.internal.MethodInvocationHelper.invokeMethod(MethodInvocationHelper.java:124)
	at org.testng.internal.Invoker.invokeMethod(Invoker.java:580)
	at org.testng.internal.Invoker.invokeTestMethod(Invoker.java:716)
	at org.testng.internal.Invoker.invokeTestMethods(Invoker.java:988)
	at org.testng.internal.TestMethodWorker.invokeTestMethods(TestMethodWorker.java:125)
	at org.testng.internal.TestMethodWorker.run(TestMethodWorker.java:109)
	at org.testng.TestRunner.privateRun(TestRunner.java:648)
	at org.testng.TestRunner.run(TestRunner.java:505)
	at org.testng.SuiteRunner.runTest(SuiteRunner.java:455)
	at org.testng.SuiteRunner.runSequentially(SuiteRunner.java:450)
	at org.testng.SuiteRunner.privateRun(SuiteRunner.java:415)
	at org.testng.SuiteRunner.run(SuiteRunner.java:364)
	at org.testng.SuiteRunnerWorker.runSuite(SuiteRunnerWorker.java:52)
	at org.testng.SuiteRunnerWorker.run(SuiteRunnerWorker.java:84)
	at org.testng.TestNG.runSuitesSequentially(TestNG.java:1208)
	at org.testng.TestNG.runSuitesLocally(TestNG.java:1137)
	at org.testng.TestNG.runSuites(TestNG.java:1049)
	at org.testng.TestNG.run(TestNG.java:1017)
	at org.testng.remote.AbstractRemoteTestNG.run(AbstractRemoteTestNG.java:114)
	at org.testng.remote.RemoteTestNG.initAndRun(RemoteTestNG.java:251)
	at org.testng.remote.RemoteTestNG.main(RemoteTestNG.java:77)
</pre></div></td>
<td>8</td>
<td>Suntec.xbmcsanitytest.Maintest@67784306</td></tr>
</table><p>
<table width='100%' border='1' class='invocation-passed'>
<tr><td colspan='4' align='center'><b>PASSED TESTS</b></td></tr>
<tr><td><b>Test method</b></td>
<td width="30%"><b>Exception</b></td>
<td width="10%"><b>Time (seconds)</b></td>
<td><b>Instance</b></td>
</tr>
<tr>
<td title='Suntec.xbmcsanitytest.Maintest.Start_inactive_BPasset_by_click_play_button_in_adminconsole()'><b>Start_inactive_BPasset_by_click_play_button_in_adminconsole</b><br>Test class: Suntec.xbmcsanitytest.Maintest</td>
<td></td>
<td>9</td>
<td>Suntec.xbmcsanitytest.Maintest@67784306</td></tr>
<tr>
<td title='Suntec.xbmcsanitytest.Maintest.To_check_GUI_of_SessionDetail_page()'><b>To_check_GUI_of_SessionDetail_page</b><br>Test class: Suntec.xbmcsanitytest.Maintest</td>
<td></td>
<td>0</td>
<td>Suntec.xbmcsanitytest.Maintest@67784306</td></tr>
<tr>
<td title='Suntec.xbmcsanitytest.Maintest.check_able_to_search_Sessions_using_SessionID()'><b>check_able_to_search_Sessions_using_SessionID</b><br>Test class: Suntec.xbmcsanitytest.Maintest</td>
<td></td>
<td>26</td>
<td>Suntec.xbmcsanitytest.Maintest@67784306</td></tr>
<tr>
<td title='Suntec.xbmcsanitytest.Maintest.check_able_to_search_sessions_by_end_date()'><b>check_able_to_search_sessions_by_end_date</b><br>Test class: Suntec.xbmcsanitytest.Maintest</td>
<td></td>
<td>21</td>
<td>Suntec.xbmcsanitytest.Maintest@67784306</td></tr>
<tr>
<td title='Suntec.xbmcsanitytest.Maintest.check_able_to_search_sessions_by_start_date()'><b>check_able_to_search_sessions_by_start_date</b><br>Test class: Suntec.xbmcsanitytest.Maintest</td>
<td></td>
<td>21</td>
<td>Suntec.xbmcsanitytest.Maintest@67784306</td></tr>
<tr>
<td title='Suntec.xbmcsanitytest.Maintest.check_whether_Status_is_inactive()'><b>check_whether_Status_is_inactive</b><br>Test class: Suntec.xbmcsanitytest.Maintest</td>
<td></td>
<td>8</td>
<td>Suntec.xbmcsanitytest.Maintest@67784306</td></tr>
<tr>
<td title='Suntec.xbmcsanitytest.Maintest.move_to_bpsession_page_by_click_BPsessionbutton()'><b>move_to_bpsession_page_by_click_BPsessionbutton</b><br>Test class: Suntec.xbmcsanitytest.Maintest</td>
<td></td>
<td>9</td>
<td>Suntec.xbmcsanitytest.Maintest@67784306</td></tr>
<tr>
<td title='Suntec.xbmcsanitytest.Maintest.open_adminconsole_URL()'><b>open_adminconsole_URL</b><br>Test class: Suntec.xbmcsanitytest.Maintest</td>
<td></td>
<td>1</td>
<td>Suntec.xbmcsanitytest.Maintest@67784306</td></tr>
<tr>
<td title='Suntec.xbmcsanitytest.Maintest.to_check_whether_BPTable_have_Assetlist()'><b>to_check_whether_BPTable_have_Assetlist</b><br>Test class: Suntec.xbmcsanitytest.Maintest</td>
<td></td>
<td>0</td>
<td>Suntec.xbmcsanitytest.Maintest@67784306</td></tr>
<tr>
<td title='Suntec.xbmcsanitytest.Maintest.to_check_whether_BPlist_table_is_available_in_UI()'><b>to_check_whether_BPlist_table_is_available_in_UI</b><br>Test class: Suntec.xbmcsanitytest.Maintest</td>
<td></td>
<td>0</td>
<td>Suntec.xbmcsanitytest.Maintest@67784306</td></tr>
<tr>
<td title='Suntec.xbmcsanitytest.Maintest.to_verify_BPname_Filter_by_valuable_assetname()'><b>to_verify_BPname_Filter_by_valuable_assetname</b><br>Test class: Suntec.xbmcsanitytest.Maintest</td>
<td></td>
<td>8</td>
<td>Suntec.xbmcsanitytest.Maintest@67784306</td></tr>
</table><p>
</body>
</html>