<?xml version="1.0" encoding="UTF-8"?>
<!-- Generated by org.testng.reporters.JUnitReportReporter -->
<testsuite skipped="0" hostname="sbstjwsvm956" name="Suntec.xbmcsanitytest.Maintest" tests="25" failures="1" timestamp="23 May 2019 06:36:54 GMT" time="63.748" errors="0">
  <testcase name="open_XBMCURL" time="1.134" classname="Suntec.xbmcsanitytest.Maintest"/>
  <testcase name="xbmc_enter_Login_Credentials_and_click_login_button" time="10.079" classname="Suntec.xbmcsanitytest.Maintest"/>
  <testcase name="xbmc_ContextPageSetup_Department_selection" time="0.531" classname="Suntec.xbmcsanitytest.Maintest"/>
  <testcase name="xbmc_ContextPageSetup_Module_Selection" time="0.308" classname="Suntec.xbmcsanitytest.Maintest"/>
  <testcase name="xbmc_ContextPageSetup_Fetch_Release_button_click" time="0.157" classname="Suntec.xbmcsanitytest.Maintest"/>
  <testcase name="xbmc_ContextPageSetup_Releaselist_Selection" time="0.365" classname="Suntec.xbmcsanitytest.Maintest"/>
  <testcase name="xbmc_ContextPageSetup_PMSlist_Selection" time="0.362" classname="Suntec.xbmcsanitytest.Maintest"/>
  <testcase name="xbmc_ContextPageSetup_SetContext_button_click" time="0.129" classname="Suntec.xbmcsanitytest.Maintest"/>
  <testcase name="xbmc_assetpage_Assetsearch" time="11.856" classname="Suntec.xbmcsanitytest.Maintest"/>
  <testcase name="xbmc_bpdesignerpage_assetname_check" time="0.131" classname="Suntec.xbmcsanitytest.Maintest"/>
  <testcase name="xbmc_bpdesignerpage_designPallet_cleanup" time="0.274" classname="Suntec.xbmcsanitytest.Maintest"/>
  <testcase name="xbmc_bpdesignerpage_open_configurationBP_clickISprofilablecheckbox_setting" time="0.353" classname="Suntec.xbmcsanitytest.Maintest"/>
  <testcase name="xbmc_bpdesignerpage_configurationBP_delete_oldprocessVariable_setting" time="0.824" classname="Suntec.xbmcsanitytest.Maintest"/>
  <testcase name="xbmc_bpdesignerpage_configurationBP_check_wrong_defaultNumber_processVariable" time="3.020" classname="Suntec.xbmcsanitytest.Maintest"/>
  <testcase name="xbmc_bpdesignerpage_configurationBP_check_empty_defaultNumber_processvariable" time="2.538" classname="Suntec.xbmcsanitytest.Maintest"/>
  <testcase name="xbmc_bpdesignerpage_configurationBP_check_empty_name_as_processVariable" time="2.369" classname="Suntec.xbmcsanitytest.Maintest"/>
  <testcase name="xbmc_bpdesignerpage_configurationBP_check_wrong_name_as_processVariable" time="2.356" classname="Suntec.xbmcsanitytest.Maintest">
    <failure type="java.lang.AssertionError" message="xbmc_bpdesignerpage_configurationBP_check_empty_name_processVariable ">
      <![CDATA[java.lang.AssertionError: xbmc_bpdesignerpage_configurationBP_check_empty_name_processVariable 
at org.testng.Assert.fail(Assert.java:96)
at Suntec.xbmcsanitytest.Maintest.xbmc_bpdesignerpage_configurationBP_check_wrong_name_as_processVariable(Maintest.java:403)
at sun.reflect.NativeMethodAccessorImpl.invoke0(Native Method)
at sun.reflect.NativeMethodAccessorImpl.invoke(Unknown Source)
at sun.reflect.DelegatingMethodAccessorImpl.invoke(Unknown Source)
at java.lang.reflect.Method.invoke(Unknown Source)
at org.testng.internal.MethodInvocationHelper.invokeMethod(MethodInvocationHelper.java:124)
at org.testng.internal.Invoker.invokeMethod(Invoker.java:580)
at org.testng.internal.Invoker.invokeTestMethod(Invoker.java:716)
at org.testng.internal.Invoker.invokeTestMethods(Invoker.java:988)
at org.testng.internal.TestMethodWorker.invokeTestMethods(TestMethodWorker.java:125)
at org.testng.internal.TestMethodWorker.run(TestMethodWorker.java:109)
at org.testng.TestRunner.privateRun(TestRunner.java:648)
at org.testng.TestRunner.run(TestRunner.java:505)
at org.testng.SuiteRunner.runTest(SuiteRunner.java:455)
at org.testng.SuiteRunner.runSequentially(SuiteRunner.java:450)
at org.testng.SuiteRunner.privateRun(SuiteRunner.java:415)
at org.testng.SuiteRunner.run(SuiteRunner.java:364)
at org.testng.SuiteRunnerWorker.runSuite(SuiteRunnerWorker.java:52)
at org.testng.SuiteRunnerWorker.run(SuiteRunnerWorker.java:84)
at org.testng.TestNG.runSuitesSequentially(TestNG.java:1208)
at org.testng.TestNG.runSuitesLocally(TestNG.java:1137)
at org.testng.TestNG.runSuites(TestNG.java:1049)
at org.testng.TestNG.run(TestNG.java:1017)
at org.testng.remote.AbstractRemoteTestNG.run(AbstractRemoteTestNG.java:114)
at org.testng.remote.RemoteTestNG.initAndRun(RemoteTestNG.java:251)
at org.testng.remote.RemoteTestNG.main(RemoteTestNG.java:77)
]]>
    </failure>
  </testcase> <!-- xbmc_bpdesignerpage_configurationBP_check_wrong_name_as_processVariable -->
  <testcase name="xbmc_bpdesignerpage_configurationBP_check_empty_description_processVariable" time="2.396" classname="Suntec.xbmcsanitytest.Maintest"/>
  <testcase name="xbmc_bpdesignerpage_configurationBP_add_processVariable_setting" time="7.695" classname="Suntec.xbmcsanitytest.Maintest"/>
  <testcase name="xbmc_bpdesignerpage_startoperator_draganddrop" time="7.625" classname="Suntec.xbmcsanitytest.Maintest"/>
  <testcase name="xbmc_bpdesignerpage_startoperator_bussinessSettings" time="0.209" classname="Suntec.xbmcsanitytest.Maintest"/>
  <testcase name="xbmc_bpdesignerpage_startoperator_properties_Settings_and_Save" time="0.718" classname="Suntec.xbmcsanitytest.Maintest"/>
  <testcase name="xbmc_bpdesignerpage_invokeBSoperator_draganddrop" time="6.053" classname="Suntec.xbmcsanitytest.Maintest"/>
  <testcase name="xbmc_bpdesignerpage_invokeBSoperator_business_settings" time="0.473" classname="Suntec.xbmcsanitytest.Maintest"/>
  <testcase name="xbmc_bpdesignerpage_invokeBSoperator_IPmapping_settings" time="1.793" classname="Suntec.xbmcsanitytest.Maintest"/>
</testsuite> <!-- Suntec.xbmcsanitytest.Maintest -->
